<?xml version="1.0" encoding="UTF-8" standalone="no"?>
<testsuite failures="0" name="cucumber.runtime.formatter.JUnitFormatter" skipped="0" tests="3" time="0.149896">
<testcase classname="Free CRM application testing" name="validate a report" time="0.149799">
<system-out><![CDATA[Given This is a report test.................................................passed
]]></system-out>
</testcase>
<testcase classname="Free CRM application testing" name="Application Logout" time="0.000049">
<system-out><![CDATA[Given This is a logout test.................................................passed
]]></system-out>
</testcase>
<testcase classname="Free CRM application testing" name="browser closed" time="0.000048">
<system-out><![CDATA[Given This is a close broswer test..........................................passed
]]></system-out>
</testcase>
</testsuite>
