<?xml version="1.0" encoding="UTF-8" standalone="no"?>
<testsuite failures="0" name="cucumber.runtime.formatter.JUnitFormatter" skipped="0" tests="1" time="45.398617">
<testcase classname="Deal data creation" name="Free CRM Create a new deal Scenario" time="45.398617">
<system-out><![CDATA[Given User is already on Login Page.........................................passed
When Title of login page is Free CRM........................................passed
Then user enters username and password......................................passed
Then user clicks on login button............................................passed
Then user is on Home page...................................................passed
Then user moves to new deal page............................................passed
Then user enters deal details...............................................passed
Then close the browser......................................................passed
]]></system-out>
</testcase>
</testsuite>
